{"/Users/ryu/dev/ryunosuke0922/famous-mountains-in-japan/build/module.js": {"path":"/Users/ryu/dev/ryunosuke0922/famous-mountains-in-japan/build/module.js","statementMap":{"0":{"start":{"line":1,"column":39},"end":{"line":1124,"column":1}},"1":{"start":{"line":1125,"column":44},"end":{"line":1127,"column":1}},"2":{"start":{"line":1126,"column":4},"end":{"line":1126,"column":42}}},"fnMap":{"0":{"name":"(anonymous_0)","decl":{"start":{"line":1125,"column":44},"end":{"line":1125,"column":45}},"loc":{"start":{"line":1125,"column":50},"end":{"line":1127,"column":1}},"line":1125}},"branchMap":{},"s":{"0":1,"1":1,"2":1},"f":{"0":1},"b":{},"_coverageSchema":"1a1c01bbd47fc00a2c39e90264f33305004495a9","hash":"e0f6a8607e1b4e2e9129a783feb41e7a76c92710"}
,"/Users/ryu/dev/ryunosuke0922/famous-mountains-in-japan/src/module.ts": {"path":"/Users/ryu/dev/ryunosuke0922/famous-mountains-in-japan/src/module.ts","statementMap":{"0":{"start":{"line":13,"column":56},"end":{"line":1136,"column":1}},"1":{"start":{"line":1138,"column":44},"end":{"line":1140,"column":1}},"2":{"start":{"line":1139,"column":2},"end":{"line":1139,"column":40}}},"fnMap":{"0":{"name":"(anonymous_0)","decl":{"start":{"line":1138,"column":44},"end":{"line":1138,"column":45}},"loc":{"start":{"line":1138,"column":67},"end":{"line":1140,"column":1}},"line":1138}},"branchMap":{},"s":{"0":1,"1":1,"2":1},"f":{"0":1},"b":{},"_coverageSchema":"1a1c01bbd47fc00a2c39e90264f33305004495a9","hash":"3efa75b63b0783382bed82ee6879e89cb88fe309"}
}
