{"/Users/ryu/dev/ryunosuke0922/famous-mountains-in-japan/build/module.js": {"path":"/Users/ryu/dev/ryunosuke0922/famous-mountains-in-japan/build/module.js","statementMap":{"0":{"start":{"line":1,"column":39},"end":{"line":1102,"column":1}},"1":{"start":{"line":1103,"column":44},"end":{"line":1105,"column":1}},"2":{"start":{"line":1104,"column":4},"end":{"line":1104,"column":42}}},"fnMap":{"0":{"name":"(anonymous_0)","decl":{"start":{"line":1103,"column":44},"end":{"line":1103,"column":45}},"loc":{"start":{"line":1103,"column":50},"end":{"line":1105,"column":1}},"line":1103}},"branchMap":{},"s":{"0":1,"1":1,"2":1},"f":{"0":1},"b":{},"_coverageSchema":"1a1c01bbd47fc00a2c39e90264f33305004495a9","hash":"7f94a3f3a3c4afabe4b87945cf1a208d0fb6bb1b"}
,"/Users/ryu/dev/ryunosuke0922/famous-mountains-in-japan/src/module.ts": {"path":"/Users/ryu/dev/ryunosuke0922/famous-mountains-in-japan/src/module.ts","statementMap":{"0":{"start":{"line":13,"column":56},"end":{"line":1114,"column":1}},"1":{"start":{"line":1116,"column":44},"end":{"line":1118,"column":1}},"2":{"start":{"line":1117,"column":2},"end":{"line":1117,"column":40}}},"fnMap":{"0":{"name":"(anonymous_0)","decl":{"start":{"line":1116,"column":44},"end":{"line":1116,"column":45}},"loc":{"start":{"line":1116,"column":67},"end":{"line":1118,"column":1}},"line":1116}},"branchMap":{},"s":{"0":1,"1":1,"2":1},"f":{"0":1},"b":{},"_coverageSchema":"1a1c01bbd47fc00a2c39e90264f33305004495a9","hash":"40a683c02dddcdac7669612fab3a5dcb722a17c8"}
}
