TN:
SF:build/module.js
FN:47,(anonymous_0)
FN:85,(anonymous_1)
FN:101,(anonymous_2)
FN:150,(anonymous_3)
FNF:4
FNH:2
FNDA:1,(anonymous_0)
FNDA:0,(anonymous_1)
FNDA:1,(anonymous_2)
FNDA:0,(anonymous_3)
DA:1,1
DA:47,1
DA:48,1
DA:50,1
DA:85,1
DA:86,0
DA:88,1
DA:101,1
DA:102,1
DA:104,1
DA:150,1
DA:151,0
LF:12
LH:10
BRF:0
BRH:0
end_of_record
TN:
SF:src/module.ts
FN:60,(anonymous_0)
FN:100,(anonymous_1)
FN:118,(anonymous_2)
FN:169,(anonymous_3)
FNF:4
FNH:2
FNDA:1,(anonymous_0)
FNDA:0,(anonymous_1)
FNDA:1,(anonymous_2)
FNDA:0,(anonymous_3)
DA:13,1
DA:60,1
DA:61,1
DA:64,1
DA:100,1
DA:101,0
DA:104,1
DA:118,1
DA:119,1
DA:122,1
DA:169,1
DA:170,0
LF:12
LH:10
BRF:0
BRH:0
end_of_record
