TN:
SF:build/module.js
FN:47,(anonymous_0)
FN:85,(anonymous_1)
FN:86,(anonymous_2)
FN:101,(anonymous_3)
FN:102,(anonymous_4)
FN:150,(anonymous_5)
FNF:6
FNH:3
FNDA:1,(anonymous_0)
FNDA:0,(anonymous_1)
FNDA:0,(anonymous_2)
FNDA:1,(anonymous_3)
FNDA:1,(anonymous_4)
FNDA:0,(anonymous_5)
DA:1,1
DA:47,1
DA:48,1
DA:50,1
DA:85,1
DA:86,0
DA:88,1
DA:101,1
DA:102,1
DA:104,1
DA:150,1
DA:151,0
LF:12
LH:10
BRDA:86,0,0,0
BRDA:86,0,1,0
BRDA:86,0,2,0
BRF:3
BRH:0
end_of_record
TN:
SF:src/module.ts
FN:60,(anonymous_0)
FN:100,(anonymous_1)
FN:101,(anonymous_2)
FN:118,(anonymous_3)
FN:119,(anonymous_4)
FN:169,(anonymous_5)
FNF:6
FNH:3
FNDA:1,(anonymous_0)
FNDA:0,(anonymous_1)
FNDA:0,(anonymous_2)
FNDA:1,(anonymous_3)
FNDA:1,(anonymous_4)
FNDA:0,(anonymous_5)
DA:13,1
DA:60,1
DA:61,1
DA:64,1
DA:100,1
DA:101,0
DA:104,1
DA:118,1
DA:119,1
DA:122,1
DA:169,1
DA:170,0
LF:12
LH:10
BRDA:101,0,0,0
BRDA:101,0,1,0
BRDA:101,0,2,0
BRF:3
BRH:0
end_of_record
